2021-02-10 20:44:15,587 INFO s.PageStepDefs [main] Browser is: google chrome 
2021-02-10 20:44:17,548 INFO s.PageStepDefs [main] Browser is googleChrome 
2021-02-10 20:44:36,552 INFO s.PageStepDefs [main] CHANEL Bleu de Chanel Eau de Parfum bestellen | flaconi 
2021-02-10 20:44:36,714 INFO s.PageStepDefs [main] price of perfume is: 70,95 €* 
2021-02-10 20:44:36,810 INFO s.PageStepDefs [main] Perfume added to the cart successfully. 
2021-02-10 20:44:37,801 INFO s.PageStepDefs [main] Browser is: google chrome 
2021-02-10 20:44:39,006 INFO s.PageStepDefs [main] Browser is googleChrome 
2021-02-10 20:44:57,498 INFO s.PageStepDefs [main] CHANEL Bleu de Chanel Eau de Parfum bestellen | flaconi 
2021-02-10 20:44:57,671 INFO s.PageStepDefs [main] price of perfume is: 70,95 €* 
2021-02-10 20:44:57,739 INFO s.PageStepDefs [main] Perfume added to the cart successfully. 
2021-02-10 20:44:57,761 INFO s.PageStepDefs [main] price of perfume is: 70,95 €* 
2021-02-10 20:44:57,779 INFO s.PageStepDefs [main] price of perfume displaying on cart: 70,95 €* 
2021-02-10 20:44:58,627 INFO s.PageStepDefs [main] Browser is: google chrome 
2021-02-10 20:44:59,858 INFO s.PageStepDefs [main] Browser is googleChrome 
2021-02-10 20:45:10,217 INFO s.PageStepDefs [main] Current URL of the Page: https://www.flaconi.de/ 
2021-02-10 20:45:13,456 INFO s.PageStepDefs [main] Status code of the page: 200 
2021-02-10 20:45:18,291 INFO s.PageStepDefs [main] Current URL of the Page: https://www.flaconi.de/parfum/ 
2021-02-10 20:45:19,256 INFO s.PageStepDefs [main] Status code of the page: 200 
2021-02-10 20:45:22,897 INFO s.PageStepDefs [main] Current URL of the Page: https://www.flaconi.de/pflege/ 
2021-02-10 20:45:24,123 INFO s.PageStepDefs [main] Status code of the page: 200 
2021-02-10 20:45:26,978 INFO s.PageStepDefs [main] Current URL of the Page: https://www.flaconi.de/make-up/ 
2021-02-10 20:45:28,036 INFO s.PageStepDefs [main] Status code of the page: 200 
2021-02-10 20:45:30,354 INFO s.PageStepDefs [main] Current URL of the Page: https://www.flaconi.de/haarpflege/ 
2021-02-10 20:45:31,504 INFO s.PageStepDefs [main] Status code of the page: 200 
2021-02-10 20:45:36,822 INFO s.PageStepDefs [main] Current URL of the Page: https://www.flaconi.de/naturkosmetik/ 
2021-02-10 20:45:37,885 INFO s.PageStepDefs [main] Status code of the page: 200 
2021-02-10 20:45:43,180 INFO s.PageStepDefs [main] Current URL of the Page: https://www.flaconi.de/premium/ 
2021-02-10 20:45:44,505 INFO s.PageStepDefs [main] Status code of the page: 200 
2021-02-10 20:45:47,752 INFO s.PageStepDefs [main] Current URL of the Page: https://www.flaconi.de/drogerie-shop/ 
2021-02-10 20:45:49,153 INFO s.PageStepDefs [main] Status code of the page: 200 
2021-02-10 20:45:54,041 INFO s.PageStepDefs [main] Current URL of the Page: https://www.flaconi.de/herren-shop/ 
2021-02-10 20:45:55,295 INFO s.PageStepDefs [main] Status code of the page: 200 
2021-02-10 20:45:58,759 INFO s.PageStepDefs [main] Current URL of the Page: https://www.flaconi.de/neuheiten/ 
2021-02-10 20:45:59,902 INFO s.PageStepDefs [main] Status code of the page: 200 
2021-02-10 20:46:03,203 INFO s.PageStepDefs [main] Current URL of the Page: https://www.flaconi.de/sale/ 
2021-02-10 20:46:04,328 INFO s.PageStepDefs [main] Status code of the page: 200 
2021-02-10 20:46:06,818 INFO s.PageStepDefs [main] Current URL of the Page: https://www.flaconi.de/gratis-zugaben/ 
2021-02-10 20:46:07,768 INFO s.PageStepDefs [main] Status code of the page: 200 
